This file contains any messages produced by compilers while
running configure, to aid debugging if configure makes a mistake.

It was created by FULL-PACKAGE-NAME configure VERSION, which was
generated by GNU Autoconf 2.59.  Invocation command line was

  $ ./configure 

## --------- ##
## Platform. ##
## --------- ##

hostname = localhost.localdomain
uname -m = i686
uname -r = 2.6.20-1.2925.fc6
uname -s = Linux
uname -v = #1 SMP Sat Mar 10 19:15:16 EST 2007

/usr/bin/uname -p = unknown
/bin/uname -X     = unknown

/bin/arch              = i686
/usr/bin/arch -k       = unknown
/usr/convex/getsysinfo = unknown
hostinfo               = unknown
/bin/machine           = unknown
/usr/bin/oslevel       = unknown
/bin/universe          = unknown

PATH: /usr/lib/qt-3.3/bin
PATH: /usr/kerberos/bin
PATH: /usr/local/bin
PATH: /usr/bin
PATH: /bin
PATH: /usr/X11R6/bin
PATH: /home/jama/bin


## ----------- ##
## Core tests. ##
## ----------- ##

configure:1369: checking for g++
configure:1385: found /usr/bin/g++
configure:1395: result: g++
configure:1411: checking for C++ compiler version
configure:1414: g++ --version </dev/null >&5
g++ (GCC) 4.1.1 20070105 (Red Hat 4.1.1-51)
Copyright (C) 2006 Free Software Foundation, Inc.
This is free software; see the source for copying conditions.  There is NO
warranty; not even for MERCHANTABILITY or FITNESS FOR A PARTICULAR PURPOSE.

configure:1417: $? = 0
configure:1419: g++ -v </dev/null >&5
Using built-in specs.
Target: i386-redhat-linux
Configured with: ../configure --prefix=/usr --mandir=/usr/share/man --infodir=/usr/share/info --enable-shared --enable-threads=posix --enable-checking=release --with-system-zlib --enable-__cxa_atexit --disable-libunwind-exceptions --enable-libgcj-multifile --enable-languages=c,c++,objc,obj-c++,java,fortran,ada --enable-java-awt=gtk --disable-dssi --enable-plugin --with-java-home=/usr/lib/jvm/java-1.4.2-gcj-1.4.2.0/jre --with-cpu=generic --host=i386-redhat-linux
Thread model: posix
gcc version 4.1.1 20070105 (Red Hat 4.1.1-51)
configure:1422: $? = 0
configure:1424: g++ -V </dev/null >&5
g++: '-V' option must have argument
configure:1427: $? = 1
configure:1450: checking for C++ compiler default output file name
configure:1453: g++    conftest.cc  >&5
configure:1456: $? = 0
configure:1502: result: a.out
configure:1507: checking whether the C++ compiler works
configure:1513: ./a.out
configure:1516: $? = 0
configure:1533: result: yes
configure:1540: checking whether we are cross compiling
configure:1542: result: no
configure:1545: checking for suffix of executables
configure:1547: g++ -o conftest    conftest.cc  >&5
configure:1550: $? = 0
configure:1575: result: 
configure:1581: checking for suffix of object files
configure:1602: g++ -c   conftest.cc >&5
configure:1605: $? = 0
configure:1627: result: o
configure:1631: checking whether we are using the GNU C++ compiler
configure:1655: g++ -c   conftest.cc >&5
configure:1661: $? = 0
configure:1665: test -z 
			 || test ! -s conftest.err
configure:1668: $? = 0
configure:1671: test -s conftest.o
configure:1674: $? = 0
configure:1687: result: yes
configure:1693: checking whether g++ accepts -g
configure:1714: g++ -c -g  conftest.cc >&5
configure:1720: $? = 0
configure:1724: test -z 
			 || test ! -s conftest.err
configure:1727: $? = 0
configure:1730: test -s conftest.o
configure:1733: $? = 0
configure:1744: result: yes
configure:1786: g++ -c -g -O2  conftest.cc >&5
configure:1792: $? = 0
configure:1796: test -z 
			 || test ! -s conftest.err
configure:1799: $? = 0
configure:1802: test -s conftest.o
configure:1805: $? = 0
configure:1831: g++ -c -g -O2  conftest.cc >&5
conftest.cc: In function 'int main()':
conftest.cc:13: error: 'exit' was not declared in this scope
configure:1837: $? = 1
configure: failed program was:
| /* confdefs.h.  */
| 
| #define PACKAGE_NAME "FULL-PACKAGE-NAME"
| #define PACKAGE_TARNAME "full-package-name"
| #define PACKAGE_VERSION "VERSION"
| #define PACKAGE_STRING "FULL-PACKAGE-NAME VERSION"
| #define PACKAGE_BUGREPORT "BUG-REPORT-ADDRESS"
| /* end confdefs.h.  */
| 
| int
| main ()
| {
| exit (42);
|   ;
|   return 0;
| }
configure:1786: g++ -c -g -O2  conftest.cc >&5
configure:1792: $? = 0
configure:1796: test -z 
			 || test ! -s conftest.err
configure:1799: $? = 0
configure:1802: test -s conftest.o
configure:1805: $? = 0
configure:1831: g++ -c -g -O2  conftest.cc >&5
configure:1837: $? = 0
configure:1841: test -z 
			 || test ! -s conftest.err
configure:1844: $? = 0
configure:1847: test -s conftest.o
configure:1850: $? = 0
configure:1919: checking for gcc
configure:1935: found /usr/bin/gcc
configure:1945: result: gcc
configure:2189: checking for C compiler version
configure:2192: gcc --version </dev/null >&5
gcc (GCC) 4.1.1 20070105 (Red Hat 4.1.1-51)
Copyright (C) 2006 Free Software Foundation, Inc.
This is free software; see the source for copying conditions.  There is NO
warranty; not even for MERCHANTABILITY or FITNESS FOR A PARTICULAR PURPOSE.

configure:2195: $? = 0
configure:2197: gcc -v </dev/null >&5
Using built-in specs.
Target: i386-redhat-linux
Configured with: ../configure --prefix=/usr --mandir=/usr/share/man --infodir=/usr/share/info --enable-shared --enable-threads=posix --enable-checking=release --with-system-zlib --enable-__cxa_atexit --disable-libunwind-exceptions --enable-libgcj-multifile --enable-languages=c,c++,objc,obj-c++,java,fortran,ada --enable-java-awt=gtk --disable-dssi --enable-plugin --with-java-home=/usr/lib/jvm/java-1.4.2-gcj-1.4.2.0/jre --with-cpu=generic --host=i386-redhat-linux
Thread model: posix
gcc version 4.1.1 20070105 (Red Hat 4.1.1-51)
configure:2200: $? = 0
configure:2202: gcc -V </dev/null >&5
gcc: '-V' option must have argument
configure:2205: $? = 1
configure:2208: checking whether we are using the GNU C compiler
configure:2232: gcc -c   conftest.c >&5
configure:2238: $? = 0
configure:2242: test -z 
			 || test ! -s conftest.err
configure:2245: $? = 0
configure:2248: test -s conftest.o
configure:2251: $? = 0
configure:2264: result: yes
configure:2270: checking whether gcc accepts -g
configure:2291: gcc -c -g  conftest.c >&5
configure:2297: $? = 0
configure:2301: test -z 
			 || test ! -s conftest.err
configure:2304: $? = 0
configure:2307: test -s conftest.o
configure:2310: $? = 0
configure:2321: result: yes
configure:2338: checking for gcc option to accept ANSI C
configure:2408: gcc  -c -g -O2  conftest.c >&5
configure:2414: $? = 0
configure:2418: test -z 
			 || test ! -s conftest.err
configure:2421: $? = 0
configure:2424: test -s conftest.o
configure:2427: $? = 0
configure:2445: result: none needed
configure:2463: gcc -c -g -O2  conftest.c >&5
conftest.c:2: error: expected '=', ',', ';', 'asm' or '__attribute__' before 'me'
configure:2469: $? = 1
configure: failed program was:
| #ifndef __cplusplus
|   choke me
| #endif
configure:2607: checking how to run the C preprocessor
configure:2642: gcc -E  conftest.c
configure:2648: $? = 0
configure:2680: gcc -E  conftest.c
conftest.c:12:28: error: ac_nonexistent.h: No such file or directory
configure:2686: $? = 1
configure: failed program was:
| /* confdefs.h.  */
| 
| #define PACKAGE_NAME "FULL-PACKAGE-NAME"
| #define PACKAGE_TARNAME "full-package-name"
| #define PACKAGE_VERSION "VERSION"
| #define PACKAGE_STRING "FULL-PACKAGE-NAME VERSION"
| #define PACKAGE_BUGREPORT "BUG-REPORT-ADDRESS"
| #ifdef __cplusplus
| extern "C" void std::exit (int) throw (); using std::exit;
| #endif
| /* end confdefs.h.  */
| #include <ac_nonexistent.h>
configure:2725: result: gcc -E
configure:2749: gcc -E  conftest.c
configure:2755: $? = 0
configure:2787: gcc -E  conftest.c
conftest.c:12:28: error: ac_nonexistent.h: No such file or directory
configure:2793: $? = 1
configure: failed program was:
| /* confdefs.h.  */
| 
| #define PACKAGE_NAME "FULL-PACKAGE-NAME"
| #define PACKAGE_TARNAME "full-package-name"
| #define PACKAGE_VERSION "VERSION"
| #define PACKAGE_STRING "FULL-PACKAGE-NAME VERSION"
| #define PACKAGE_BUGREPORT "BUG-REPORT-ADDRESS"
| #ifdef __cplusplus
| extern "C" void std::exit (int) throw (); using std::exit;
| #endif
| /* end confdefs.h.  */
| #include <ac_nonexistent.h>
configure:2841: checking for main in -lX11
configure:2865: gcc -o conftest -g -O2   conftest.c -lX11   >&5
configure:2871: $? = 0
configure:2875: test -z 
			 || test ! -s conftest.err
configure:2878: $? = 0
configure:2881: test -s conftest
configure:2884: $? = 0
configure:2897: result: yes
configure:2910: checking for main in -lXpm
configure:2934: gcc -o conftest -g -O2   conftest.c -lXpm  -lX11  >&5
configure:2940: $? = 0
configure:2944: test -z 
			 || test ! -s conftest.err
configure:2947: $? = 0
configure:2950: test -s conftest
configure:2953: $? = 0
configure:2966: result: yes
configure:2979: checking for main in -lfltk
configure:3003: gcc -o conftest -g -O2   conftest.c -lfltk  -lXpm -lX11  >&5
configure:3009: $? = 0
configure:3013: test -z 
			 || test ! -s conftest.err
configure:3016: $? = 0
configure:3019: test -s conftest
configure:3022: $? = 0
configure:3035: result: yes
configure:3048: checking for main in -lfltk_images
configure:3072: gcc -o conftest -g -O2   conftest.c -lfltk_images  -lfltk -lXpm -lX11  >&5
configure:3078: $? = 0
configure:3082: test -z 
			 || test ! -s conftest.err
configure:3085: $? = 0
configure:3088: test -s conftest
configure:3091: $? = 0
configure:3104: result: yes
configure:3117: checking for main in -ljpeg
configure:3141: gcc -o conftest -g -O2   conftest.c -ljpeg  -lfltk_images -lfltk -lXpm -lX11  >&5
configure:3147: $? = 0
configure:3151: test -z 
			 || test ! -s conftest.err
configure:3154: $? = 0
configure:3157: test -s conftest
configure:3160: $? = 0
configure:3173: result: yes
configure:3186: checking for main in -lm
configure:3210: gcc -o conftest -g -O2   conftest.c -lm  -ljpeg -lfltk_images -lfltk -lXpm -lX11  >&5
configure:3216: $? = 0
configure:3220: test -z 
			 || test ! -s conftest.err
configure:3223: $? = 0
configure:3226: test -s conftest
configure:3229: $? = 0
configure:3242: result: yes
configure:3255: checking for main in -lpng
configure:3279: gcc -o conftest -g -O2   conftest.c -lpng  -lm -ljpeg -lfltk_images -lfltk -lXpm -lX11  >&5
configure:3285: $? = 0
configure:3289: test -z 
			 || test ! -s conftest.err
configure:3292: $? = 0
configure:3295: test -s conftest
configure:3298: $? = 0
configure:3311: result: yes
configure:3324: checking for main in -lz
configure:3348: gcc -o conftest -g -O2   conftest.c -lz  -lpng -lm -ljpeg -lfltk_images -lfltk -lXpm -lX11  >&5
configure:3354: $? = 0
configure:3358: test -z 
			 || test ! -s conftest.err
configure:3361: $? = 0
configure:3364: test -s conftest
configure:3367: $? = 0
configure:3380: result: yes
configure:3394: checking for egrep
configure:3404: result: grep -E
configure:3409: checking for ANSI C header files
configure:3434: gcc -c -g -O2  conftest.c >&5
configure:3440: $? = 0
configure:3444: test -z 
			 || test ! -s conftest.err
configure:3447: $? = 0
configure:3450: test -s conftest.o
configure:3453: $? = 0
configure:3542: gcc -o conftest -g -O2   conftest.c -lz -lpng -lm -ljpeg -lfltk_images -lfltk -lXpm -lX11  >&5
conftest.c: In function 'main':
conftest.c:37: warning: incompatible implicit declaration of built-in function 'exit'
configure:3545: $? = 0
configure:3547: ./conftest
configure:3550: $? = 0
configure:3565: result: yes
configure:3589: checking for sys/types.h
configure:3605: gcc -c -g -O2  conftest.c >&5
configure:3611: $? = 0
configure:3615: test -z 
			 || test ! -s conftest.err
configure:3618: $? = 0
configure:3621: test -s conftest.o
configure:3624: $? = 0
configure:3635: result: yes
configure:3589: checking for sys/stat.h
configure:3605: gcc -c -g -O2  conftest.c >&5
configure:3611: $? = 0
configure:3615: test -z 
			 || test ! -s conftest.err
configure:3618: $? = 0
configure:3621: test -s conftest.o
configure:3624: $? = 0
configure:3635: result: yes
configure:3589: checking for stdlib.h
configure:3605: gcc -c -g -O2  conftest.c >&5
configure:3611: $? = 0
configure:3615: test -z 
			 || test ! -s conftest.err
configure:3618: $? = 0
configure:3621: test -s conftest.o
configure:3624: $? = 0
configure:3635: result: yes
configure:3589: checking for string.h
configure:3605: gcc -c -g -O2  conftest.c >&5
configure:3611: $? = 0
configure:3615: test -z 
			 || test ! -s conftest.err
configure:3618: $? = 0
configure:3621: test -s conftest.o
configure:3624: $? = 0
configure:3635: result: yes
configure:3589: checking for memory.h
configure:3605: gcc -c -g -O2  conftest.c >&5
configure:3611: $? = 0
configure:3615: test -z 
			 || test ! -s conftest.err
configure:3618: $? = 0
configure:3621: test -s conftest.o
configure:3624: $? = 0
configure:3635: result: yes
configure:3589: checking for strings.h
configure:3605: gcc -c -g -O2  conftest.c >&5
configure:3611: $? = 0
configure:3615: test -z 
			 || test ! -s conftest.err
configure:3618: $? = 0
configure:3621: test -s conftest.o
configure:3624: $? = 0
configure:3635: result: yes
configure:3589: checking for inttypes.h
configure:3605: gcc -c -g -O2  conftest.c >&5
configure:3611: $? = 0
configure:3615: test -z 
			 || test ! -s conftest.err
configure:3618: $? = 0
configure:3621: test -s conftest.o
configure:3624: $? = 0
configure:3635: result: yes
configure:3589: checking for stdint.h
configure:3605: gcc -c -g -O2  conftest.c >&5
configure:3611: $? = 0
configure:3615: test -z 
			 || test ! -s conftest.err
configure:3618: $? = 0
configure:3621: test -s conftest.o
configure:3624: $? = 0
configure:3635: result: yes
configure:3589: checking for unistd.h
configure:3605: gcc -c -g -O2  conftest.c >&5
configure:3611: $? = 0
configure:3615: test -z 
			 || test ! -s conftest.err
configure:3618: $? = 0
configure:3621: test -s conftest.o
configure:3624: $? = 0
configure:3635: result: yes
configure:3652: checking for stdlib.h
configure:3657: result: yes
configure:3799: checking for an ANSI C-conforming const
configure:3866: gcc -c -g -O2  conftest.c >&5
configure:3872: $? = 0
configure:3876: test -z 
			 || test ! -s conftest.err
configure:3879: $? = 0
configure:3882: test -s conftest.o
configure:3885: $? = 0
configure:3896: result: yes
configure:3906: checking for stdbool.h that conforms to C99
configure:3959: gcc -c -g -O2  conftest.c >&5
configure:3965: $? = 0
configure:3969: test -z 
			 || test ! -s conftest.err
configure:3972: $? = 0
configure:3975: test -s conftest.o
configure:3978: $? = 0
configure:3989: result: yes
configure:3991: checking for _Bool
configure:4015: gcc -c -g -O2  conftest.c >&5
configure:4021: $? = 0
configure:4025: test -z 
			 || test ! -s conftest.err
configure:4028: $? = 0
configure:4031: test -s conftest.o
configure:4034: $? = 0
configure:4045: result: yes
configure:4070: checking for strerror
configure:4127: gcc -o conftest -g -O2   conftest.c -lz -lpng -lm -ljpeg -lfltk_images -lfltk -lXpm -lX11  >&5
configure:4133: $? = 0
configure:4137: test -z 
			 || test ! -s conftest.err
configure:4140: $? = 0
configure:4143: test -s conftest
configure:4146: $? = 0
configure:4158: result: yes
configure:4266: creating ./config.status

## ---------------------- ##
## Running config.status. ##
## ---------------------- ##

This file was extended by FULL-PACKAGE-NAME config.status VERSION, which was
generated by GNU Autoconf 2.59.  Invocation command line was

  CONFIG_FILES    = 
  CONFIG_HEADERS  = 
  CONFIG_LINKS    = 
  CONFIG_COMMANDS = 
  $ ./config.status 

on localhost.localdomain

config.status:645: creating Makefile
config.status:645: creating icons-48/Makefile
config.status:748: creating config.h
config.status:798: error: cannot find input file: config.h.in

## ---------------- ##
## Cache variables. ##
## ---------------- ##

ac_cv_c_compiler_gnu=yes
ac_cv_c_const=yes
ac_cv_cxx_compiler_gnu=yes
ac_cv_env_CC_set=
ac_cv_env_CC_value=
ac_cv_env_CFLAGS_set=
ac_cv_env_CFLAGS_value=
ac_cv_env_CPPFLAGS_set=
ac_cv_env_CPPFLAGS_value=
ac_cv_env_CPP_set=
ac_cv_env_CPP_value=
ac_cv_env_CXXFLAGS_set=
ac_cv_env_CXXFLAGS_value=
ac_cv_env_CXX_set=
ac_cv_env_CXX_value=
ac_cv_env_LDFLAGS_set=
ac_cv_env_LDFLAGS_value=
ac_cv_env_build_alias_set=
ac_cv_env_build_alias_value=
ac_cv_env_host_alias_set=
ac_cv_env_host_alias_value=
ac_cv_env_target_alias_set=
ac_cv_env_target_alias_value=
ac_cv_exeext=
ac_cv_func_strerror=yes
ac_cv_header_inttypes_h=yes
ac_cv_header_memory_h=yes
ac_cv_header_stdbool_h=yes
ac_cv_header_stdc=yes
ac_cv_header_stdint_h=yes
ac_cv_header_stdlib_h=yes
ac_cv_header_string_h=yes
ac_cv_header_strings_h=yes
ac_cv_header_sys_stat_h=yes
ac_cv_header_sys_types_h=yes
ac_cv_header_unistd_h=yes
ac_cv_lib_X11_main=yes
ac_cv_lib_Xpm_main=yes
ac_cv_lib_fltk_images_main=yes
ac_cv_lib_fltk_main=yes
ac_cv_lib_jpeg_main=yes
ac_cv_lib_m_main=yes
ac_cv_lib_png_main=yes
ac_cv_lib_z_main=yes
ac_cv_objext=o
ac_cv_prog_CPP='gcc -E'
ac_cv_prog_ac_ct_CC=gcc
ac_cv_prog_ac_ct_CXX=g++
ac_cv_prog_cc_g=yes
ac_cv_prog_cc_stdc=
ac_cv_prog_cxx_g=yes
ac_cv_prog_egrep='grep -E'
ac_cv_type__Bool=yes

## ----------------- ##
## Output variables. ##
## ----------------- ##

CC='gcc'
CFLAGS='-g -O2'
CPP='gcc -E'
CPPFLAGS=''
CXX='g++'
CXXFLAGS='-g -O2'
DEFS='-DHAVE_CONFIG_H'
ECHO_C=''
ECHO_N='-n'
ECHO_T=''
EGREP='grep -E'
EXEEXT=''
LDFLAGS=''
LIBOBJS=''
LIBS='-lz -lpng -lm -ljpeg -lfltk_images -lfltk -lXpm -lX11 '
LTLIBOBJS=''
OBJEXT='o'
PACKAGE_BUGREPORT='BUG-REPORT-ADDRESS'
PACKAGE_NAME='FULL-PACKAGE-NAME'
PACKAGE_STRING='FULL-PACKAGE-NAME VERSION'
PACKAGE_TARNAME='full-package-name'
PACKAGE_VERSION='VERSION'
PATH_SEPARATOR=':'
SHELL='/bin/sh'
ac_ct_CC='gcc'
ac_ct_CXX='g++'
bindir='${exec_prefix}/bin'
build_alias=''
datadir='${prefix}/share'
exec_prefix='${prefix}'
host_alias=''
includedir='${prefix}/include'
infodir='${prefix}/info'
libdir='${exec_prefix}/lib'
libexecdir='${exec_prefix}/libexec'
localstatedir='${prefix}/var'
mandir='${prefix}/man'
oldincludedir='/usr/include'
prefix='/usr/local'
program_transform_name='s,x,x,'
sbindir='${exec_prefix}/sbin'
sharedstatedir='${prefix}/com'
sysconfdir='${prefix}/etc'
target_alias=''

## ----------- ##
## confdefs.h. ##
## ----------- ##

#define HAVE_INTTYPES_H 1
#define HAVE_LIBFLTK 1
#define HAVE_LIBFLTK_IMAGES 1
#define HAVE_LIBJPEG 1
#define HAVE_LIBM 1
#define HAVE_LIBPNG 1
#define HAVE_LIBX11 1
#define HAVE_LIBXPM 1
#define HAVE_LIBZ 1
#define HAVE_MEMORY_H 1
#define HAVE_STDBOOL_H 1
#define HAVE_STDINT_H 1
#define HAVE_STDLIB_H 1
#define HAVE_STDLIB_H 1
#define HAVE_STRERROR 1
#define HAVE_STRINGS_H 1
#define HAVE_STRING_H 1
#define HAVE_SYS_STAT_H 1
#define HAVE_SYS_TYPES_H 1
#define HAVE_UNISTD_H 1
#define HAVE__BOOL 1
#define PACKAGE_BUGREPORT "BUG-REPORT-ADDRESS"
#define PACKAGE_NAME "FULL-PACKAGE-NAME"
#define PACKAGE_STRING "FULL-PACKAGE-NAME VERSION"
#define PACKAGE_TARNAME "full-package-name"
#define PACKAGE_VERSION "VERSION"
#define STDC_HEADERS 1
#endif
#ifdef __cplusplus
extern "C" void std::exit (int) throw (); using std::exit;

configure: exit 1
